<?xml version="1.0" encoding="utf-8"?><testsuites name="pytest tests"><testsuite name="pytest" errors="0" failures="0" skipped="0" tests="3" time="0.110" timestamp="2026-02-03T13:07:23.582616-08:00" hostname="hagrids-macbook-pro.local"><testcase classname="tests.sample_suite.test_demo" name="test_pass" time="0.000" /><testcase classname="tests.sample_suite.test_demo" name="test_flaky" time="0.000" /><testcase classname="tests.sample_suite.test_demo" name="test_slow" time="0.101" /></testsuite></testsuites>